<?xml version="1.0" encoding="UTF-8"?>
<testng-results skipped="0" failed="1" total="1" passed="0">
  <reporter-output>
  </reporter-output>
  <suite name="Suite" duration-ms="32790" started-at="2020-10-11T20:33:36Z" finished-at="2020-10-11T20:34:09Z">
    <groups>
    </groups>
    <test name="Test" duration-ms="32790" started-at="2020-10-11T20:33:36Z" finished-at="2020-10-11T20:34:09Z">
      <class name="tests.TestCases">
        <test-method status="PASS" signature="beforeSuite(java.lang.String)[pri:0, instance:tests.TestCases@3ec300f1]" name="beforeSuite" is-config="true" duration-ms="32997" started-at="2020-10-11T17:33:03Z" finished-at="2020-10-11T17:33:36Z">
          <params>
            <param index="0">
              <value>
                <![CDATA[chrome]]>
              </value>
            </param>
          </params>
          <reporter-output>
          </reporter-output>
        </test-method> <!-- beforeSuite -->
        <test-method status="FAIL" signature="searchAction()[pri:0, instance:tests.TestCases@3ec300f1]" name="searchAction" duration-ms="32729" started-at="2020-10-11T17:33:36Z" finished-at="2020-10-11T17:34:09Z">
          <exception class="java.lang.AssertionError">
            <message>
              <![CDATA[expected [null] but found [[[ChromeDriver: chrome on XP (ba92b834fa8f46f6ef27fdc60b4a9971)] -> xpath: //*[@id="add-to-cart-button-ubb"]]]]]>
            </message>
            <full-stacktrace>
              <![CDATA[java.lang.AssertionError: expected [null] but found [[[ChromeDriver: chrome on XP (ba92b834fa8f46f6ef27fdc60b4a9971)] -> xpath: //*[@id="add-to-cart-button-ubb"]]]
	at org.testng.Assert.fail(Assert.java:94)
	at org.testng.Assert.failNotSame(Assert.java:490)
	at org.testng.Assert.assertNull(Assert.java:426)
	at org.testng.Assert.assertNull(Assert.java:415)
	at pages.BasePage.verifyNull(BasePage.java:42)
	at pages.ArticlePage.validateAddToKart(ArticlePage.java:43)
	at tests.TestCases.searchAction(TestCases.java:15)
	at sun.reflect.NativeMethodAccessorImpl.invoke0(Native Method)
	at sun.reflect.NativeMethodAccessorImpl.invoke(NativeMethodAccessorImpl.java:62)
	at sun.reflect.DelegatingMethodAccessorImpl.invoke(DelegatingMethodAccessorImpl.java:43)
	at java.lang.reflect.Method.invoke(Method.java:498)
	at org.testng.internal.MethodInvocationHelper.invokeMethod(MethodInvocationHelper.java:80)
	at org.testng.internal.Invoker.invokeMethod(Invoker.java:714)
	at org.testng.internal.Invoker.invokeTestMethod(Invoker.java:901)
	at org.testng.internal.Invoker.invokeTestMethods(Invoker.java:1231)
	at org.testng.internal.TestMethodWorker.invokeTestMethods(TestMethodWorker.java:127)
	at org.testng.internal.TestMethodWorker.run(TestMethodWorker.java:111)
	at org.testng.TestRunner.privateRun(TestRunner.java:767)
	at org.testng.TestRunner.run(TestRunner.java:617)
	at org.testng.SuiteRunner.runTest(SuiteRunner.java:334)
	at org.testng.SuiteRunner.runSequentially(SuiteRunner.java:329)
	at org.testng.SuiteRunner.privateRun(SuiteRunner.java:291)
	at org.testng.SuiteRunner.run(SuiteRunner.java:240)
	at org.testng.SuiteRunnerWorker.runSuite(SuiteRunnerWorker.java:52)
	at org.testng.SuiteRunnerWorker.run(SuiteRunnerWorker.java:86)
	at org.testng.TestNG.runSuitesSequentially(TestNG.java:1198)
	at org.testng.TestNG.runSuitesLocally(TestNG.java:1123)
	at org.testng.TestNG.run(TestNG.java:1031)
	at org.testng.remote.AbstractRemoteTestNG.run(AbstractRemoteTestNG.java:115)
	at org.testng.remote.RemoteTestNG.initAndRun(RemoteTestNG.java:251)
	at org.testng.remote.RemoteTestNG.main(RemoteTestNG.java:77)
]]>
            </full-stacktrace>
          </exception> <!-- java.lang.AssertionError -->
          <reporter-output>
          </reporter-output>
        </test-method> <!-- searchAction -->
        <test-method status="PASS" signature="afterSuite()[pri:0, instance:tests.TestCases@3ec300f1]" name="afterSuite" is-config="true" duration-ms="3271" started-at="2020-10-11T17:34:09Z" finished-at="2020-10-11T17:34:12Z">
          <reporter-output>
          </reporter-output>
        </test-method> <!-- afterSuite -->
      </class> <!-- tests.TestCases -->
    </test> <!-- Test -->
  </suite> <!-- Suite -->
</testng-results>
