<?xml version="1.0" encoding="UTF-8"?>
<testng-results total="0" passed="0" failed="0" skipped="0">
  <reporter-output>
  </reporter-output>
  <suite started-at="2020-05-29T17:50:50Z" name="com.automation.training.AppTest" finished-at="2020-05-29T17:50:50Z" duration-ms="8">
    <groups>
    </groups>
    <test started-at="2020-05-29T17:50:50Z" name="Command line test" finished-at="2020-05-29T17:50:50Z" duration-ms="8">
    </test> <!-- Command line test -->
  </suite> <!-- com.automation.training.AppTest -->
</testng-results>
